yarn run v1.22.19
warning ../../package.json: No license field
$ next start
ready - started server on 0.0.0.0:3000, url: http://localhost:3000
TypeError: Cannot read properties of undefined (reading 'items')
    at Header (/home/jusoshd/frontEnd/jusos-front/.next/server/chunks/628.js:181:43)
    at Wc (/home/jusoshd/frontEnd/jusos-front/node_modules/react-dom/cjs/react-dom-server.browser.production.min.js:68:44)
    at Zc (/home/jusoshd/frontEnd/jusos-front/node_modules/react-dom/cjs/react-dom-server.browser.production.min.js:70:253)
    at Z (/home/jusoshd/frontEnd/jusos-front/node_modules/react-dom/cjs/react-dom-server.browser.production.min.js:76:89)
    at $c (/home/jusoshd/frontEnd/jusos-front/node_modules/react-dom/cjs/react-dom-server.browser.production.min.js:78:98)
    at bd (/home/jusoshd/frontEnd/jusos-front/node_modules/react-dom/cjs/react-dom-server.browser.production.min.js:77:404)
    at Z (/home/jusoshd/frontEnd/jusos-front/node_modules/react-dom/cjs/react-dom-server.browser.production.min.js:76:217)
    at Zc (/home/jusoshd/frontEnd/jusos-front/node_modules/react-dom/cjs/react-dom-server.browser.production.min.js:71:479)
    at Z (/home/jusoshd/frontEnd/jusos-front/node_modules/react-dom/cjs/react-dom-server.browser.production.min.js:76:89)
    at Zc (/home/jusoshd/frontEnd/jusos-front/node_modules/react-dom/cjs/react-dom-server.browser.production.min.js:70:481)
TypeError: Cannot read properties of undefined (reading 'items')
    at Header (/home/jusoshd/frontEnd/jusos-front/.next/server/chunks/628.js:181:43)
    at Wc (/home/jusoshd/frontEnd/jusos-front/node_modules/react-dom/cjs/react-dom-server.browser.production.min.js:68:44)
    at Zc (/home/jusoshd/frontEnd/jusos-front/node_modules/react-dom/cjs/react-dom-server.browser.production.min.js:70:253)
    at Z (/home/jusoshd/frontEnd/jusos-front/node_modules/react-dom/cjs/react-dom-server.browser.production.min.js:76:89)
    at $c (/home/jusoshd/frontEnd/jusos-front/node_modules/react-dom/cjs/react-dom-server.browser.production.min.js:78:98)
    at bd (/home/jusoshd/frontEnd/jusos-front/node_modules/react-dom/cjs/react-dom-server.browser.production.min.js:77:404)
    at Z (/home/jusoshd/frontEnd/jusos-front/node_modules/react-dom/cjs/react-dom-server.browser.production.min.js:76:217)
    at Zc (/home/jusoshd/frontEnd/jusos-front/node_modules/react-dom/cjs/react-dom-server.browser.production.min.js:71:479)
    at Z (/home/jusoshd/frontEnd/jusos-front/node_modules/react-dom/cjs/react-dom-server.browser.production.min.js:76:89)
    at Zc (/home/jusoshd/frontEnd/jusos-front/node_modules/react-dom/cjs/react-dom-server.browser.production.min.js:70:481)
yarn run v1.22.19
warning ../../package.json: No license field
$ next start
ready - started server on 0.0.0.0:3000, url: http://localhost:3000
TypeError: Cannot read properties of undefined (reading 'items')
    at Header (/home/jusoshd/frontEnd/jusos-front/.next/server/chunks/628.js:181:43)
    at Wc (/home/jusoshd/frontEnd/jusos-front/node_modules/react-dom/cjs/react-dom-server.browser.production.min.js:68:44)
    at Zc (/home/jusoshd/frontEnd/jusos-front/node_modules/react-dom/cjs/react-dom-server.browser.production.min.js:70:253)
    at Z (/home/jusoshd/frontEnd/jusos-front/node_modules/react-dom/cjs/react-dom-server.browser.production.min.js:76:89)
    at $c (/home/jusoshd/frontEnd/jusos-front/node_modules/react-dom/cjs/react-dom-server.browser.production.min.js:78:98)
    at bd (/home/jusoshd/frontEnd/jusos-front/node_modules/react-dom/cjs/react-dom-server.browser.production.min.js:77:404)
    at Z (/home/jusoshd/frontEnd/jusos-front/node_modules/react-dom/cjs/react-dom-server.browser.production.min.js:76:217)
    at Zc (/home/jusoshd/frontEnd/jusos-front/node_modules/react-dom/cjs/react-dom-server.browser.production.min.js:71:479)
    at Z (/home/jusoshd/frontEnd/jusos-front/node_modules/react-dom/cjs/react-dom-server.browser.production.min.js:76:89)
    at Zc (/home/jusoshd/frontEnd/jusos-front/node_modules/react-dom/cjs/react-dom-server.browser.production.min.js:70:481)
TypeError: Cannot read properties of undefined (reading 'items')
    at Header (/home/jusoshd/frontEnd/jusos-front/.next/server/chunks/628.js:181:43)
    at Wc (/home/jusoshd/frontEnd/jusos-front/node_modules/react-dom/cjs/react-dom-server.browser.production.min.js:68:44)
    at Zc (/home/jusoshd/frontEnd/jusos-front/node_modules/react-dom/cjs/react-dom-server.browser.production.min.js:70:253)
    at Z (/home/jusoshd/frontEnd/jusos-front/node_modules/react-dom/cjs/react-dom-server.browser.production.min.js:76:89)
    at $c (/home/jusoshd/frontEnd/jusos-front/node_modules/react-dom/cjs/react-dom-server.browser.production.min.js:78:98)
    at bd (/home/jusoshd/frontEnd/jusos-front/node_modules/react-dom/cjs/react-dom-server.browser.production.min.js:77:404)
    at Z (/home/jusoshd/frontEnd/jusos-front/node_modules/react-dom/cjs/react-dom-server.browser.production.min.js:76:217)
    at Zc (/home/jusoshd/frontEnd/jusos-front/node_modules/react-dom/cjs/react-dom-server.browser.production.min.js:71:479)
    at Z (/home/jusoshd/frontEnd/jusos-front/node_modules/react-dom/cjs/react-dom-server.browser.production.min.js:76:89)
    at Zc (/home/jusoshd/frontEnd/jusos-front/node_modules/react-dom/cjs/react-dom-server.browser.production.min.js:70:481)
TypeError: Cannot read properties of undefined (reading 'items')
    at Header (/home/jusoshd/frontEnd/jusos-front/.next/server/chunks/628.js:181:43)
    at Wc (/home/jusoshd/frontEnd/jusos-front/node_modules/react-dom/cjs/react-dom-server.browser.production.min.js:68:44)
    at Zc (/home/jusoshd/frontEnd/jusos-front/node_modules/react-dom/cjs/react-dom-server.browser.production.min.js:70:253)
    at Z (/home/jusoshd/frontEnd/jusos-front/node_modules/react-dom/cjs/react-dom-server.browser.production.min.js:76:89)
    at $c (/home/jusoshd/frontEnd/jusos-front/node_modules/react-dom/cjs/react-dom-server.browser.production.min.js:78:98)
    at bd (/home/jusoshd/frontEnd/jusos-front/node_modules/react-dom/cjs/react-dom-server.browser.production.min.js:77:404)
    at Z (/home/jusoshd/frontEnd/jusos-front/node_modules/react-dom/cjs/react-dom-server.browser.production.min.js:76:217)
    at Zc (/home/jusoshd/frontEnd/jusos-front/node_modules/react-dom/cjs/react-dom-server.browser.production.min.js:71:479)
    at Z (/home/jusoshd/frontEnd/jusos-front/node_modules/react-dom/cjs/react-dom-server.browser.production.min.js:76:89)
    at Zc (/home/jusoshd/frontEnd/jusos-front/node_modules/react-dom/cjs/react-dom-server.browser.production.min.js:70:481)
TypeError: Cannot read properties of undefined (reading 'items')
    at Header (/home/jusoshd/frontEnd/jusos-front/.next/server/chunks/628.js:181:43)
    at Wc (/home/jusoshd/frontEnd/jusos-front/node_modules/react-dom/cjs/react-dom-server.browser.production.min.js:68:44)
    at Zc (/home/jusoshd/frontEnd/jusos-front/node_modules/react-dom/cjs/react-dom-server.browser.production.min.js:70:253)
    at Z (/home/jusoshd/frontEnd/jusos-front/node_modules/react-dom/cjs/react-dom-server.browser.production.min.js:76:89)
    at $c (/home/jusoshd/frontEnd/jusos-front/node_modules/react-dom/cjs/react-dom-server.browser.production.min.js:78:98)
    at bd (/home/jusoshd/frontEnd/jusos-front/node_modules/react-dom/cjs/react-dom-server.browser.production.min.js:77:404)
    at Z (/home/jusoshd/frontEnd/jusos-front/node_modules/react-dom/cjs/react-dom-server.browser.production.min.js:76:217)
    at Zc (/home/jusoshd/frontEnd/jusos-front/node_modules/react-dom/cjs/react-dom-server.browser.production.min.js:71:479)
    at Z (/home/jusoshd/frontEnd/jusos-front/node_modules/react-dom/cjs/react-dom-server.browser.production.min.js:76:89)
    at Zc (/home/jusoshd/frontEnd/jusos-front/node_modules/react-dom/cjs/react-dom-server.browser.production.min.js:70:481)
TypeError: Cannot read properties of undefined (reading 'items')
    at Header (/home/jusoshd/frontEnd/jusos-front/.next/server/chunks/628.js:181:43)
    at Wc (/home/jusoshd/frontEnd/jusos-front/node_modules/react-dom/cjs/react-dom-server.browser.production.min.js:68:44)
    at Zc (/home/jusoshd/frontEnd/jusos-front/node_modules/react-dom/cjs/react-dom-server.browser.production.min.js:70:253)
    at Z (/home/jusoshd/frontEnd/jusos-front/node_modules/react-dom/cjs/react-dom-server.browser.production.min.js:76:89)
    at $c (/home/jusoshd/frontEnd/jusos-front/node_modules/react-dom/cjs/react-dom-server.browser.production.min.js:78:98)
    at bd (/home/jusoshd/frontEnd/jusos-front/node_modules/react-dom/cjs/react-dom-server.browser.production.min.js:77:404)
    at Z (/home/jusoshd/frontEnd/jusos-front/node_modules/react-dom/cjs/react-dom-server.browser.production.min.js:76:217)
    at Zc (/home/jusoshd/frontEnd/jusos-front/node_modules/react-dom/cjs/react-dom-server.browser.production.min.js:71:479)
    at Z (/home/jusoshd/frontEnd/jusos-front/node_modules/react-dom/cjs/react-dom-server.browser.production.min.js:76:89)
    at Zc (/home/jusoshd/frontEnd/jusos-front/node_modules/react-dom/cjs/react-dom-server.browser.production.min.js:70:481)
TypeError: Cannot read properties of undefined (reading 'items')
    at Header (/home/jusoshd/frontEnd/jusos-front/.next/server/chunks/628.js:181:43)
    at Wc (/home/jusoshd/frontEnd/jusos-front/node_modules/react-dom/cjs/react-dom-server.browser.production.min.js:68:44)
    at Zc (/home/jusoshd/frontEnd/jusos-front/node_modules/react-dom/cjs/react-dom-server.browser.production.min.js:70:253)
    at Z (/home/jusoshd/frontEnd/jusos-front/node_modules/react-dom/cjs/react-dom-server.browser.production.min.js:76:89)
    at $c (/home/jusoshd/frontEnd/jusos-front/node_modules/react-dom/cjs/react-dom-server.browser.production.min.js:78:98)
    at bd (/home/jusoshd/frontEnd/jusos-front/node_modules/react-dom/cjs/react-dom-server.browser.production.min.js:77:404)
    at Z (/home/jusoshd/frontEnd/jusos-front/node_modules/react-dom/cjs/react-dom-server.browser.production.min.js:76:217)
    at Zc (/home/jusoshd/frontEnd/jusos-front/node_modules/react-dom/cjs/react-dom-server.browser.production.min.js:71:479)
    at Z (/home/jusoshd/frontEnd/jusos-front/node_modules/react-dom/cjs/react-dom-server.browser.production.min.js:76:89)
    at Zc (/home/jusoshd/frontEnd/jusos-front/node_modules/react-dom/cjs/react-dom-server.browser.production.min.js:70:481)
TypeError: Cannot read properties of undefined (reading 'items')
    at Header (/home/jusoshd/frontEnd/jusos-front/.next/server/chunks/628.js:181:43)
    at Wc (/home/jusoshd/frontEnd/jusos-front/node_modules/react-dom/cjs/react-dom-server.browser.production.min.js:68:44)
    at Zc (/home/jusoshd/frontEnd/jusos-front/node_modules/react-dom/cjs/react-dom-server.browser.production.min.js:70:253)
    at Z (/home/jusoshd/frontEnd/jusos-front/node_modules/react-dom/cjs/react-dom-server.browser.production.min.js:76:89)
    at $c (/home/jusoshd/frontEnd/jusos-front/node_modules/react-dom/cjs/react-dom-server.browser.production.min.js:78:98)
    at bd (/home/jusoshd/frontEnd/jusos-front/node_modules/react-dom/cjs/react-dom-server.browser.production.min.js:77:404)
    at Z (/home/jusoshd/frontEnd/jusos-front/node_modules/react-dom/cjs/react-dom-server.browser.production.min.js:76:217)
    at Zc (/home/jusoshd/frontEnd/jusos-front/node_modules/react-dom/cjs/react-dom-server.browser.production.min.js:71:479)
    at Z (/home/jusoshd/frontEnd/jusos-front/node_modules/react-dom/cjs/react-dom-server.browser.production.min.js:76:89)
    at Zc (/home/jusoshd/frontEnd/jusos-front/node_modules/react-dom/cjs/react-dom-server.browser.production.min.js:70:481)
TypeError: Cannot read properties of undefined (reading 'items')
    at Header (/home/jusoshd/frontEnd/jusos-front/.next/server/chunks/628.js:181:43)
    at Wc (/home/jusoshd/frontEnd/jusos-front/node_modules/react-dom/cjs/react-dom-server.browser.production.min.js:68:44)
    at Zc (/home/jusoshd/frontEnd/jusos-front/node_modules/react-dom/cjs/react-dom-server.browser.production.min.js:70:253)
    at Z (/home/jusoshd/frontEnd/jusos-front/node_modules/react-dom/cjs/react-dom-server.browser.production.min.js:76:89)
    at $c (/home/jusoshd/frontEnd/jusos-front/node_modules/react-dom/cjs/react-dom-server.browser.production.min.js:78:98)
    at bd (/home/jusoshd/frontEnd/jusos-front/node_modules/react-dom/cjs/react-dom-server.browser.production.min.js:77:404)
    at Z (/home/jusoshd/frontEnd/jusos-front/node_modules/react-dom/cjs/react-dom-server.browser.production.min.js:76:217)
    at Zc (/home/jusoshd/frontEnd/jusos-front/node_modules/react-dom/cjs/react-dom-server.browser.production.min.js:71:479)
    at Z (/home/jusoshd/frontEnd/jusos-front/node_modules/react-dom/cjs/react-dom-server.browser.production.min.js:76:89)
    at Zc (/home/jusoshd/frontEnd/jusos-front/node_modules/react-dom/cjs/react-dom-server.browser.production.min.js:70:481)
yarn run v1.22.19
warning ../../package.json: No license field
$ next start
ready - started server on 0.0.0.0:3000, url: http://localhost:3000
TypeError: Cannot read properties of undefined (reading 'items')
    at Header (/home/jusoshd/frontEnd/jusos-front/.next/server/chunks/628.js:181:43)
    at Wc (/home/jusoshd/frontEnd/jusos-front/node_modules/react-dom/cjs/react-dom-server.browser.production.min.js:68:44)
    at Zc (/home/jusoshd/frontEnd/jusos-front/node_modules/react-dom/cjs/react-dom-server.browser.production.min.js:70:253)
    at Z (/home/jusoshd/frontEnd/jusos-front/node_modules/react-dom/cjs/react-dom-server.browser.production.min.js:76:89)
    at $c (/home/jusoshd/frontEnd/jusos-front/node_modules/react-dom/cjs/react-dom-server.browser.production.min.js:78:98)
    at bd (/home/jusoshd/frontEnd/jusos-front/node_modules/react-dom/cjs/react-dom-server.browser.production.min.js:77:404)
    at Z (/home/jusoshd/frontEnd/jusos-front/node_modules/react-dom/cjs/react-dom-server.browser.production.min.js:76:217)
    at Zc (/home/jusoshd/frontEnd/jusos-front/node_modules/react-dom/cjs/react-dom-server.browser.production.min.js:71:479)
    at Z (/home/jusoshd/frontEnd/jusos-front/node_modules/react-dom/cjs/react-dom-server.browser.production.min.js:76:89)
    at Zc (/home/jusoshd/frontEnd/jusos-front/node_modules/react-dom/cjs/react-dom-server.browser.production.min.js:70:481)
TypeError: Cannot read properties of undefined (reading 'items')
    at Header (/home/jusoshd/frontEnd/jusos-front/.next/server/chunks/628.js:181:43)
    at Wc (/home/jusoshd/frontEnd/jusos-front/node_modules/react-dom/cjs/react-dom-server.browser.production.min.js:68:44)
    at Zc (/home/jusoshd/frontEnd/jusos-front/node_modules/react-dom/cjs/react-dom-server.browser.production.min.js:70:253)
    at Z (/home/jusoshd/frontEnd/jusos-front/node_modules/react-dom/cjs/react-dom-server.browser.production.min.js:76:89)
    at $c (/home/jusoshd/frontEnd/jusos-front/node_modules/react-dom/cjs/react-dom-server.browser.production.min.js:78:98)
    at bd (/home/jusoshd/frontEnd/jusos-front/node_modules/react-dom/cjs/react-dom-server.browser.production.min.js:77:404)
    at Z (/home/jusoshd/frontEnd/jusos-front/node_modules/react-dom/cjs/react-dom-server.browser.production.min.js:76:217)
    at Zc (/home/jusoshd/frontEnd/jusos-front/node_modules/react-dom/cjs/react-dom-server.browser.production.min.js:71:479)
    at Z (/home/jusoshd/frontEnd/jusos-front/node_modules/react-dom/cjs/react-dom-server.browser.production.min.js:76:89)
    at Zc (/home/jusoshd/frontEnd/jusos-front/node_modules/react-dom/cjs/react-dom-server.browser.production.min.js:70:481)
TypeError: Cannot read properties of undefined (reading 'items')
    at Header (/home/jusoshd/frontEnd/jusos-front/.next/server/chunks/628.js:181:43)
    at Wc (/home/jusoshd/frontEnd/jusos-front/node_modules/react-dom/cjs/react-dom-server.browser.production.min.js:68:44)
    at Zc (/home/jusoshd/frontEnd/jusos-front/node_modules/react-dom/cjs/react-dom-server.browser.production.min.js:70:253)
    at Z (/home/jusoshd/frontEnd/jusos-front/node_modules/react-dom/cjs/react-dom-server.browser.production.min.js:76:89)
    at $c (/home/jusoshd/frontEnd/jusos-front/node_modules/react-dom/cjs/react-dom-server.browser.production.min.js:78:98)
    at bd (/home/jusoshd/frontEnd/jusos-front/node_modules/react-dom/cjs/react-dom-server.browser.production.min.js:77:404)
    at Z (/home/jusoshd/frontEnd/jusos-front/node_modules/react-dom/cjs/react-dom-server.browser.production.min.js:76:217)
    at Zc (/home/jusoshd/frontEnd/jusos-front/node_modules/react-dom/cjs/react-dom-server.browser.production.min.js:71:479)
    at Z (/home/jusoshd/frontEnd/jusos-front/node_modules/react-dom/cjs/react-dom-server.browser.production.min.js:76:89)
    at Zc (/home/jusoshd/frontEnd/jusos-front/node_modules/react-dom/cjs/react-dom-server.browser.production.min.js:70:481)
TypeError: Cannot read properties of undefined (reading 'items')
    at Header (/home/jusoshd/frontEnd/jusos-front/.next/server/chunks/628.js:181:43)
    at Wc (/home/jusoshd/frontEnd/jusos-front/node_modules/react-dom/cjs/react-dom-server.browser.production.min.js:68:44)
    at Zc (/home/jusoshd/frontEnd/jusos-front/node_modules/react-dom/cjs/react-dom-server.browser.production.min.js:70:253)
    at Z (/home/jusoshd/frontEnd/jusos-front/node_modules/react-dom/cjs/react-dom-server.browser.production.min.js:76:89)
    at $c (/home/jusoshd/frontEnd/jusos-front/node_modules/react-dom/cjs/react-dom-server.browser.production.min.js:78:98)
    at bd (/home/jusoshd/frontEnd/jusos-front/node_modules/react-dom/cjs/react-dom-server.browser.production.min.js:77:404)
    at Z (/home/jusoshd/frontEnd/jusos-front/node_modules/react-dom/cjs/react-dom-server.browser.production.min.js:76:217)
    at Zc (/home/jusoshd/frontEnd/jusos-front/node_modules/react-dom/cjs/react-dom-server.browser.production.min.js:71:479)
    at Z (/home/jusoshd/frontEnd/jusos-front/node_modules/react-dom/cjs/react-dom-server.browser.production.min.js:76:89)
    at Zc (/home/jusoshd/frontEnd/jusos-front/node_modules/react-dom/cjs/react-dom-server.browser.production.min.js:70:481)
TypeError: Cannot read properties of undefined (reading 'items')
    at Header (/home/jusoshd/frontEnd/jusos-front/.next/server/chunks/628.js:181:43)
    at Wc (/home/jusoshd/frontEnd/jusos-front/node_modules/react-dom/cjs/react-dom-server.browser.production.min.js:68:44)
    at Zc (/home/jusoshd/frontEnd/jusos-front/node_modules/react-dom/cjs/react-dom-server.browser.production.min.js:70:253)
    at Z (/home/jusoshd/frontEnd/jusos-front/node_modules/react-dom/cjs/react-dom-server.browser.production.min.js:76:89)
    at $c (/home/jusoshd/frontEnd/jusos-front/node_modules/react-dom/cjs/react-dom-server.browser.production.min.js:78:98)
    at bd (/home/jusoshd/frontEnd/jusos-front/node_modules/react-dom/cjs/react-dom-server.browser.production.min.js:77:404)
    at Z (/home/jusoshd/frontEnd/jusos-front/node_modules/react-dom/cjs/react-dom-server.browser.production.min.js:76:217)
    at Zc (/home/jusoshd/frontEnd/jusos-front/node_modules/react-dom/cjs/react-dom-server.browser.production.min.js:71:479)
    at Z (/home/jusoshd/frontEnd/jusos-front/node_modules/react-dom/cjs/react-dom-server.browser.production.min.js:76:89)
    at Zc (/home/jusoshd/frontEnd/jusos-front/node_modules/react-dom/cjs/react-dom-server.browser.production.min.js:70:481)
TypeError: Cannot read properties of undefined (reading 'items')
    at Header (/home/jusoshd/frontEnd/jusos-front/.next/server/chunks/628.js:181:43)
    at Wc (/home/jusoshd/frontEnd/jusos-front/node_modules/react-dom/cjs/react-dom-server.browser.production.min.js:68:44)
    at Zc (/home/jusoshd/frontEnd/jusos-front/node_modules/react-dom/cjs/react-dom-server.browser.production.min.js:70:253)
    at Z (/home/jusoshd/frontEnd/jusos-front/node_modules/react-dom/cjs/react-dom-server.browser.production.min.js:76:89)
    at $c (/home/jusoshd/frontEnd/jusos-front/node_modules/react-dom/cjs/react-dom-server.browser.production.min.js:78:98)
    at bd (/home/jusoshd/frontEnd/jusos-front/node_modules/react-dom/cjs/react-dom-server.browser.production.min.js:77:404)
    at Z (/home/jusoshd/frontEnd/jusos-front/node_modules/react-dom/cjs/react-dom-server.browser.production.min.js:76:217)
    at Zc (/home/jusoshd/frontEnd/jusos-front/node_modules/react-dom/cjs/react-dom-server.browser.production.min.js:71:479)
    at Z (/home/jusoshd/frontEnd/jusos-front/node_modules/react-dom/cjs/react-dom-server.browser.production.min.js:76:89)
    at Zc (/home/jusoshd/frontEnd/jusos-front/node_modules/react-dom/cjs/react-dom-server.browser.production.min.js:70:481)
TypeError: Cannot read properties of undefined (reading 'items')
    at Header (/home/jusoshd/frontEnd/jusos-front/.next/server/chunks/628.js:181:43)
    at Wc (/home/jusoshd/frontEnd/jusos-front/node_modules/react-dom/cjs/react-dom-server.browser.production.min.js:68:44)
    at Zc (/home/jusoshd/frontEnd/jusos-front/node_modules/react-dom/cjs/react-dom-server.browser.production.min.js:70:253)
    at Z (/home/jusoshd/frontEnd/jusos-front/node_modules/react-dom/cjs/react-dom-server.browser.production.min.js:76:89)
    at $c (/home/jusoshd/frontEnd/jusos-front/node_modules/react-dom/cjs/react-dom-server.browser.production.min.js:78:98)
    at bd (/home/jusoshd/frontEnd/jusos-front/node_modules/react-dom/cjs/react-dom-server.browser.production.min.js:77:404)
    at Z (/home/jusoshd/frontEnd/jusos-front/node_modules/react-dom/cjs/react-dom-server.browser.production.min.js:76:217)
    at Zc (/home/jusoshd/frontEnd/jusos-front/node_modules/react-dom/cjs/react-dom-server.browser.production.min.js:71:479)
    at Z (/home/jusoshd/frontEnd/jusos-front/node_modules/react-dom/cjs/react-dom-server.browser.production.min.js:76:89)
    at Zc (/home/jusoshd/frontEnd/jusos-front/node_modules/react-dom/cjs/react-dom-server.browser.production.min.js:70:481)
TypeError: Cannot read properties of undefined (reading 'items')
    at Header (/home/jusoshd/frontEnd/jusos-front/.next/server/chunks/628.js:181:43)
    at Wc (/home/jusoshd/frontEnd/jusos-front/node_modules/react-dom/cjs/react-dom-server.browser.production.min.js:68:44)
    at Zc (/home/jusoshd/frontEnd/jusos-front/node_modules/react-dom/cjs/react-dom-server.browser.production.min.js:70:253)
    at Z (/home/jusoshd/frontEnd/jusos-front/node_modules/react-dom/cjs/react-dom-server.browser.production.min.js:76:89)
    at $c (/home/jusoshd/frontEnd/jusos-front/node_modules/react-dom/cjs/react-dom-server.browser.production.min.js:78:98)
    at bd (/home/jusoshd/frontEnd/jusos-front/node_modules/react-dom/cjs/react-dom-server.browser.production.min.js:77:404)
    at Z (/home/jusoshd/frontEnd/jusos-front/node_modules/react-dom/cjs/react-dom-server.browser.production.min.js:76:217)
    at Zc (/home/jusoshd/frontEnd/jusos-front/node_modules/react-dom/cjs/react-dom-server.browser.production.min.js:71:479)
    at Z (/home/jusoshd/frontEnd/jusos-front/node_modules/react-dom/cjs/react-dom-server.browser.production.min.js:76:89)
    at Zc (/home/jusoshd/frontEnd/jusos-front/node_modules/react-dom/cjs/react-dom-server.browser.production.min.js:70:481)
TypeError: Cannot read properties of undefined (reading 'forEach')
    at getStaticProps (/home/jusoshd/frontEnd/jusos-front/.next/server/pages/[...slug].js:506:14)
    at processTicksAndRejections (node:internal/process/task_queues:96:5)
    at async Object.renderToHTML (/home/jusoshd/frontEnd/jusos-front/node_modules/next/dist/server/render.js:451:20)
    at async doRender (/home/jusoshd/frontEnd/jusos-front/node_modules/next/dist/server/base-server.js:917:38)
    at async cacheEntry.responseCache.get.isManualRevalidate.isManualRevalidate (/home/jusoshd/frontEnd/jusos-front/node_modules/next/dist/server/base-server.js:1022:28)
    at async /home/jusoshd/frontEnd/jusos-front/node_modules/next/dist/server/response-cache.js:69:36
TypeError: Cannot read properties of undefined (reading 'forEach')
    at getStaticProps (/home/jusoshd/frontEnd/jusos-front/.next/server/pages/[...slug].js:506:14)
    at processTicksAndRejections (node:internal/process/task_queues:96:5)
    at async Object.renderToHTML (/home/jusoshd/frontEnd/jusos-front/node_modules/next/dist/server/render.js:451:20)
    at async doRender (/home/jusoshd/frontEnd/jusos-front/node_modules/next/dist/server/base-server.js:917:38)
    at async cacheEntry.responseCache.get.isManualRevalidate.isManualRevalidate (/home/jusoshd/frontEnd/jusos-front/node_modules/next/dist/server/base-server.js:1022:28)
    at async /home/jusoshd/frontEnd/jusos-front/node_modules/next/dist/server/response-cache.js:69:36
TypeError: Cannot read properties of undefined (reading 'forEach')
    at getStaticProps (/home/jusoshd/frontEnd/jusos-front/.next/server/pages/[...slug].js:506:14)
    at processTicksAndRejections (node:internal/process/task_queues:96:5)
    at async Object.renderToHTML (/home/jusoshd/frontEnd/jusos-front/node_modules/next/dist/server/render.js:451:20)
    at async doRender (/home/jusoshd/frontEnd/jusos-front/node_modules/next/dist/server/base-server.js:917:38)
    at async cacheEntry.responseCache.get.isManualRevalidate.isManualRevalidate (/home/jusoshd/frontEnd/jusos-front/node_modules/next/dist/server/base-server.js:1022:28)
    at async /home/jusoshd/frontEnd/jusos-front/node_modules/next/dist/server/response-cache.js:69:36
TypeError: Cannot read properties of undefined (reading 'forEach')
    at getStaticProps (/home/jusoshd/frontEnd/jusos-front/.next/server/pages/[...slug].js:506:14)
    at processTicksAndRejections (node:internal/process/task_queues:96:5)
    at async Object.renderToHTML (/home/jusoshd/frontEnd/jusos-front/node_modules/next/dist/server/render.js:451:20)
    at async doRender (/home/jusoshd/frontEnd/jusos-front/node_modules/next/dist/server/base-server.js:917:38)
    at async cacheEntry.responseCache.get.isManualRevalidate.isManualRevalidate (/home/jusoshd/frontEnd/jusos-front/node_modules/next/dist/server/base-server.js:1022:28)
    at async /home/jusoshd/frontEnd/jusos-front/node_modules/next/dist/server/response-cache.js:69:36
TypeError: Cannot read properties of undefined (reading 'forEach')
    at getStaticProps (/home/jusoshd/frontEnd/jusos-front/.next/server/pages/[...slug].js:506:14)
    at processTicksAndRejections (node:internal/process/task_queues:96:5)
    at async Object.renderToHTML (/home/jusoshd/frontEnd/jusos-front/node_modules/next/dist/server/render.js:451:20)
    at async doRender (/home/jusoshd/frontEnd/jusos-front/node_modules/next/dist/server/base-server.js:917:38)
    at async cacheEntry.responseCache.get.isManualRevalidate.isManualRevalidate (/home/jusoshd/frontEnd/jusos-front/node_modules/next/dist/server/base-server.js:1022:28)
    at async /home/jusoshd/frontEnd/jusos-front/node_modules/next/dist/server/response-cache.js:69:36
TypeError: Cannot read properties of undefined (reading 'forEach')
    at getStaticProps (/home/jusoshd/frontEnd/jusos-front/.next/server/pages/[...slug].js:506:14)
    at processTicksAndRejections (node:internal/process/task_queues:96:5)
    at async Object.renderToHTML (/home/jusoshd/frontEnd/jusos-front/node_modules/next/dist/server/render.js:451:20)
    at async doRender (/home/jusoshd/frontEnd/jusos-front/node_modules/next/dist/server/base-server.js:917:38)
    at async cacheEntry.responseCache.get.isManualRevalidate.isManualRevalidate (/home/jusoshd/frontEnd/jusos-front/node_modules/next/dist/server/base-server.js:1022:28)
    at async /home/jusoshd/frontEnd/jusos-front/node_modules/next/dist/server/response-cache.js:69:36
TypeError: Cannot read properties of undefined (reading 'items')
    at Header (/home/jusoshd/frontEnd/jusos-front/.next/server/chunks/628.js:181:43)
    at Wc (/home/jusoshd/frontEnd/jusos-front/node_modules/react-dom/cjs/react-dom-server.browser.production.min.js:68:44)
    at Zc (/home/jusoshd/frontEnd/jusos-front/node_modules/react-dom/cjs/react-dom-server.browser.production.min.js:70:253)
    at Z (/home/jusoshd/frontEnd/jusos-front/node_modules/react-dom/cjs/react-dom-server.browser.production.min.js:76:89)
    at $c (/home/jusoshd/frontEnd/jusos-front/node_modules/react-dom/cjs/react-dom-server.browser.production.min.js:78:98)
    at bd (/home/jusoshd/frontEnd/jusos-front/node_modules/react-dom/cjs/react-dom-server.browser.production.min.js:77:404)
    at Z (/home/jusoshd/frontEnd/jusos-front/node_modules/react-dom/cjs/react-dom-server.browser.production.min.js:76:217)
    at Zc (/home/jusoshd/frontEnd/jusos-front/node_modules/react-dom/cjs/react-dom-server.browser.production.min.js:71:479)
    at Z (/home/jusoshd/frontEnd/jusos-front/node_modules/react-dom/cjs/react-dom-server.browser.production.min.js:76:89)
    at Zc (/home/jusoshd/frontEnd/jusos-front/node_modules/react-dom/cjs/react-dom-server.browser.production.min.js:70:481)
TypeError: Cannot read properties of undefined (reading 'items')
    at Header (/home/jusoshd/frontEnd/jusos-front/.next/server/chunks/628.js:181:43)
    at Wc (/home/jusoshd/frontEnd/jusos-front/node_modules/react-dom/cjs/react-dom-server.browser.production.min.js:68:44)
    at Zc (/home/jusoshd/frontEnd/jusos-front/node_modules/react-dom/cjs/react-dom-server.browser.production.min.js:70:253)
    at Z (/home/jusoshd/frontEnd/jusos-front/node_modules/react-dom/cjs/react-dom-server.browser.production.min.js:76:89)
    at $c (/home/jusoshd/frontEnd/jusos-front/node_modules/react-dom/cjs/react-dom-server.browser.production.min.js:78:98)
    at bd (/home/jusoshd/frontEnd/jusos-front/node_modules/react-dom/cjs/react-dom-server.browser.production.min.js:77:404)
    at Z (/home/jusoshd/frontEnd/jusos-front/node_modules/react-dom/cjs/react-dom-server.browser.production.min.js:76:217)
    at Zc (/home/jusoshd/frontEnd/jusos-front/node_modules/react-dom/cjs/react-dom-server.browser.production.min.js:71:479)
    at Z (/home/jusoshd/frontEnd/jusos-front/node_modules/react-dom/cjs/react-dom-server.browser.production.min.js:76:89)
    at Zc (/home/jusoshd/frontEnd/jusos-front/node_modules/react-dom/cjs/react-dom-server.browser.production.min.js:70:481)
TypeError: Cannot read properties of undefined (reading 'forEach')
    at getStaticProps (/home/jusoshd/frontEnd/jusos-front/.next/server/pages/[...slug].js:506:14)
    at runMicrotasks (<anonymous>)
    at processTicksAndRejections (node:internal/process/task_queues:96:5)
    at async Object.renderToHTML (/home/jusoshd/frontEnd/jusos-front/node_modules/next/dist/server/render.js:451:20)
    at async doRender (/home/jusoshd/frontEnd/jusos-front/node_modules/next/dist/server/base-server.js:917:38)
    at async cacheEntry.responseCache.get.isManualRevalidate.isManualRevalidate (/home/jusoshd/frontEnd/jusos-front/node_modules/next/dist/server/base-server.js:1022:28)
    at async /home/jusoshd/frontEnd/jusos-front/node_modules/next/dist/server/response-cache.js:69:36
TypeError: Cannot read properties of undefined (reading 'forEach')
    at getStaticProps (/home/jusoshd/frontEnd/jusos-front/.next/server/pages/[...slug].js:506:14)
    at runMicrotasks (<anonymous>)
    at processTicksAndRejections (node:internal/process/task_queues:96:5)
    at async Object.renderToHTML (/home/jusoshd/frontEnd/jusos-front/node_modules/next/dist/server/render.js:451:20)
    at async doRender (/home/jusoshd/frontEnd/jusos-front/node_modules/next/dist/server/base-server.js:917:38)
    at async cacheEntry.responseCache.get.isManualRevalidate.isManualRevalidate (/home/jusoshd/frontEnd/jusos-front/node_modules/next/dist/server/base-server.js:1022:28)
    at async /home/jusoshd/frontEnd/jusos-front/node_modules/next/dist/server/response-cache.js:69:36
TypeError: Cannot read properties of undefined (reading 'items')
    at Header (/home/jusoshd/frontEnd/jusos-front/.next/server/chunks/628.js:181:43)
    at Wc (/home/jusoshd/frontEnd/jusos-front/node_modules/react-dom/cjs/react-dom-server.browser.production.min.js:68:44)
    at Zc (/home/jusoshd/frontEnd/jusos-front/node_modules/react-dom/cjs/react-dom-server.browser.production.min.js:70:253)
    at Z (/home/jusoshd/frontEnd/jusos-front/node_modules/react-dom/cjs/react-dom-server.browser.production.min.js:76:89)
    at $c (/home/jusoshd/frontEnd/jusos-front/node_modules/react-dom/cjs/react-dom-server.browser.production.min.js:78:98)
    at bd (/home/jusoshd/frontEnd/jusos-front/node_modules/react-dom/cjs/react-dom-server.browser.production.min.js:77:404)
    at Z (/home/jusoshd/frontEnd/jusos-front/node_modules/react-dom/cjs/react-dom-server.browser.production.min.js:76:217)
    at Zc (/home/jusoshd/frontEnd/jusos-front/node_modules/react-dom/cjs/react-dom-server.browser.production.min.js:71:479)
    at Z (/home/jusoshd/frontEnd/jusos-front/node_modules/react-dom/cjs/react-dom-server.browser.production.min.js:76:89)
    at Zc (/home/jusoshd/frontEnd/jusos-front/node_modules/react-dom/cjs/react-dom-server.browser.production.min.js:70:481)
TypeError: Cannot read properties of undefined (reading 'items')
    at Header (/home/jusoshd/frontEnd/jusos-front/.next/server/chunks/628.js:181:43)
    at Wc (/home/jusoshd/frontEnd/jusos-front/node_modules/react-dom/cjs/react-dom-server.browser.production.min.js:68:44)
    at Zc (/home/jusoshd/frontEnd/jusos-front/node_modules/react-dom/cjs/react-dom-server.browser.production.min.js:70:253)
    at Z (/home/jusoshd/frontEnd/jusos-front/node_modules/react-dom/cjs/react-dom-server.browser.production.min.js:76:89)
    at $c (/home/jusoshd/frontEnd/jusos-front/node_modules/react-dom/cjs/react-dom-server.browser.production.min.js:78:98)
    at bd (/home/jusoshd/frontEnd/jusos-front/node_modules/react-dom/cjs/react-dom-server.browser.production.min.js:77:404)
    at Z (/home/jusoshd/frontEnd/jusos-front/node_modules/react-dom/cjs/react-dom-server.browser.production.min.js:76:217)
    at Zc (/home/jusoshd/frontEnd/jusos-front/node_modules/react-dom/cjs/react-dom-server.browser.production.min.js:71:479)
    at Z (/home/jusoshd/frontEnd/jusos-front/node_modules/react-dom/cjs/react-dom-server.browser.production.min.js:76:89)
    at Zc (/home/jusoshd/frontEnd/jusos-front/node_modules/react-dom/cjs/react-dom-server.browser.production.min.js:70:481)
TypeError: Cannot read properties of undefined (reading 'forEach')
    at getStaticProps (/home/jusoshd/frontEnd/jusos-front/.next/server/pages/[...slug].js:506:14)
    at runMicrotasks (<anonymous>)
    at processTicksAndRejections (node:internal/process/task_queues:96:5)
    at async Object.renderToHTML (/home/jusoshd/frontEnd/jusos-front/node_modules/next/dist/server/render.js:451:20)
    at async doRender (/home/jusoshd/frontEnd/jusos-front/node_modules/next/dist/server/base-server.js:917:38)
    at async cacheEntry.responseCache.get.isManualRevalidate.isManualRevalidate (/home/jusoshd/frontEnd/jusos-front/node_modules/next/dist/server/base-server.js:1022:28)
    at async /home/jusoshd/frontEnd/jusos-front/node_modules/next/dist/server/response-cache.js:69:36
TypeError: Cannot read properties of undefined (reading 'forEach')
    at getStaticProps (/home/jusoshd/frontEnd/jusos-front/.next/server/pages/[...slug].js:506:14)
    at runMicrotasks (<anonymous>)
    at processTicksAndRejections (node:internal/process/task_queues:96:5)
    at async Object.renderToHTML (/home/jusoshd/frontEnd/jusos-front/node_modules/next/dist/server/render.js:451:20)
    at async doRender (/home/jusoshd/frontEnd/jusos-front/node_modules/next/dist/server/base-server.js:917:38)
    at async cacheEntry.responseCache.get.isManualRevalidate.isManualRevalidate (/home/jusoshd/frontEnd/jusos-front/node_modules/next/dist/server/base-server.js:1022:28)
    at async /home/jusoshd/frontEnd/jusos-front/node_modules/next/dist/server/response-cache.js:69:36
TypeError: Cannot read properties of undefined (reading 'forEach')
    at getStaticProps (/home/jusoshd/frontEnd/jusos-front/.next/server/pages/[...slug].js:506:14)
    at runMicrotasks (<anonymous>)
    at processTicksAndRejections (node:internal/process/task_queues:96:5)
    at async Object.renderToHTML (/home/jusoshd/frontEnd/jusos-front/node_modules/next/dist/server/render.js:451:20)
    at async doRender (/home/jusoshd/frontEnd/jusos-front/node_modules/next/dist/server/base-server.js:917:38)
    at async cacheEntry.responseCache.get.isManualRevalidate.isManualRevalidate (/home/jusoshd/frontEnd/jusos-front/node_modules/next/dist/server/base-server.js:1022:28)
    at async /home/jusoshd/frontEnd/jusos-front/node_modules/next/dist/server/response-cache.js:69:36
TypeError: Cannot read properties of undefined (reading 'forEach')
    at getStaticProps (/home/jusoshd/frontEnd/jusos-front/.next/server/pages/[...slug].js:506:14)
    at runMicrotasks (<anonymous>)
    at processTicksAndRejections (node:internal/process/task_queues:96:5)
    at async Object.renderToHTML (/home/jusoshd/frontEnd/jusos-front/node_modules/next/dist/server/render.js:451:20)
    at async doRender (/home/jusoshd/frontEnd/jusos-front/node_modules/next/dist/server/base-server.js:917:38)
    at async cacheEntry.responseCache.get.isManualRevalidate.isManualRevalidate (/home/jusoshd/frontEnd/jusos-front/node_modules/next/dist/server/base-server.js:1022:28)
    at async /home/jusoshd/frontEnd/jusos-front/node_modules/next/dist/server/response-cache.js:69:36
TypeError: Cannot read properties of undefined (reading 'items')
    at Header (/home/jusoshd/frontEnd/jusos-front/.next/server/chunks/628.js:181:43)
    at Wc (/home/jusoshd/frontEnd/jusos-front/node_modules/react-dom/cjs/react-dom-server.browser.production.min.js:68:44)
    at Zc (/home/jusoshd/frontEnd/jusos-front/node_modules/react-dom/cjs/react-dom-server.browser.production.min.js:70:253)
    at Z (/home/jusoshd/frontEnd/jusos-front/node_modules/react-dom/cjs/react-dom-server.browser.production.min.js:76:89)
    at $c (/home/jusoshd/frontEnd/jusos-front/node_modules/react-dom/cjs/react-dom-server.browser.production.min.js:78:98)
    at bd (/home/jusoshd/frontEnd/jusos-front/node_modules/react-dom/cjs/react-dom-server.browser.production.min.js:77:404)
    at Z (/home/jusoshd/frontEnd/jusos-front/node_modules/react-dom/cjs/react-dom-server.browser.production.min.js:76:217)
    at Zc (/home/jusoshd/frontEnd/jusos-front/node_modules/react-dom/cjs/react-dom-server.browser.production.min.js:71:479)
    at Z (/home/jusoshd/frontEnd/jusos-front/node_modules/react-dom/cjs/react-dom-server.browser.production.min.js:76:89)
    at Zc (/home/jusoshd/frontEnd/jusos-front/node_modules/react-dom/cjs/react-dom-server.browser.production.min.js:70:481)
TypeError: Cannot read properties of undefined (reading 'items')
    at Header (/home/jusoshd/frontEnd/jusos-front/.next/server/chunks/628.js:181:43)
    at Wc (/home/jusoshd/frontEnd/jusos-front/node_modules/react-dom/cjs/react-dom-server.browser.production.min.js:68:44)
    at Zc (/home/jusoshd/frontEnd/jusos-front/node_modules/react-dom/cjs/react-dom-server.browser.production.min.js:70:253)
    at Z (/home/jusoshd/frontEnd/jusos-front/node_modules/react-dom/cjs/react-dom-server.browser.production.min.js:76:89)
    at $c (/home/jusoshd/frontEnd/jusos-front/node_modules/react-dom/cjs/react-dom-server.browser.production.min.js:78:98)
    at bd (/home/jusoshd/frontEnd/jusos-front/node_modules/react-dom/cjs/react-dom-server.browser.production.min.js:77:404)
    at Z (/home/jusoshd/frontEnd/jusos-front/node_modules/react-dom/cjs/react-dom-server.browser.production.min.js:76:217)
    at Zc (/home/jusoshd/frontEnd/jusos-front/node_modules/react-dom/cjs/react-dom-server.browser.production.min.js:71:479)
    at Z (/home/jusoshd/frontEnd/jusos-front/node_modules/react-dom/cjs/react-dom-server.browser.production.min.js:76:89)
    at Zc (/home/jusoshd/frontEnd/jusos-front/node_modules/react-dom/cjs/react-dom-server.browser.production.min.js:70:481)
TypeError: Cannot read properties of undefined (reading 'items')
    at Header (/home/jusoshd/frontEnd/jusos-front/.next/server/chunks/628.js:181:43)
    at Wc (/home/jusoshd/frontEnd/jusos-front/node_modules/react-dom/cjs/react-dom-server.browser.production.min.js:68:44)
    at Zc (/home/jusoshd/frontEnd/jusos-front/node_modules/react-dom/cjs/react-dom-server.browser.production.min.js:70:253)
    at Z (/home/jusoshd/frontEnd/jusos-front/node_modules/react-dom/cjs/react-dom-server.browser.production.min.js:76:89)
    at $c (/home/jusoshd/frontEnd/jusos-front/node_modules/react-dom/cjs/react-dom-server.browser.production.min.js:78:98)
    at bd (/home/jusoshd/frontEnd/jusos-front/node_modules/react-dom/cjs/react-dom-server.browser.production.min.js:77:404)
    at Z (/home/jusoshd/frontEnd/jusos-front/node_modules/react-dom/cjs/react-dom-server.browser.production.min.js:76:217)
    at Zc (/home/jusoshd/frontEnd/jusos-front/node_modules/react-dom/cjs/react-dom-server.browser.production.min.js:71:479)
    at Z (/home/jusoshd/frontEnd/jusos-front/node_modules/react-dom/cjs/react-dom-server.browser.production.min.js:76:89)
    at Zc (/home/jusoshd/frontEnd/jusos-front/node_modules/react-dom/cjs/react-dom-server.browser.production.min.js:70:481)
TypeError: Cannot read properties of undefined (reading 'items')
    at Header (/home/jusoshd/frontEnd/jusos-front/.next/server/chunks/628.js:181:43)
    at Wc (/home/jusoshd/frontEnd/jusos-front/node_modules/react-dom/cjs/react-dom-server.browser.production.min.js:68:44)
    at Zc (/home/jusoshd/frontEnd/jusos-front/node_modules/react-dom/cjs/react-dom-server.browser.production.min.js:70:253)
    at Z (/home/jusoshd/frontEnd/jusos-front/node_modules/react-dom/cjs/react-dom-server.browser.production.min.js:76:89)
    at $c (/home/jusoshd/frontEnd/jusos-front/node_modules/react-dom/cjs/react-dom-server.browser.production.min.js:78:98)
    at bd (/home/jusoshd/frontEnd/jusos-front/node_modules/react-dom/cjs/react-dom-server.browser.production.min.js:77:404)
    at Z (/home/jusoshd/frontEnd/jusos-front/node_modules/react-dom/cjs/react-dom-server.browser.production.min.js:76:217)
    at Zc (/home/jusoshd/frontEnd/jusos-front/node_modules/react-dom/cjs/react-dom-server.browser.production.min.js:71:479)
    at Z (/home/jusoshd/frontEnd/jusos-front/node_modules/react-dom/cjs/react-dom-server.browser.production.min.js:76:89)
    at Zc (/home/jusoshd/frontEnd/jusos-front/node_modules/react-dom/cjs/react-dom-server.browser.production.min.js:70:481)
TypeError: Cannot read properties of undefined (reading 'items')
    at Header (/home/jusoshd/frontEnd/jusos-front/.next/server/chunks/628.js:181:43)
    at Wc (/home/jusoshd/frontEnd/jusos-front/node_modules/react-dom/cjs/react-dom-server.browser.production.min.js:68:44)
    at Zc (/home/jusoshd/frontEnd/jusos-front/node_modules/react-dom/cjs/react-dom-server.browser.production.min.js:70:253)
    at Z (/home/jusoshd/frontEnd/jusos-front/node_modules/react-dom/cjs/react-dom-server.browser.production.min.js:76:89)
    at $c (/home/jusoshd/frontEnd/jusos-front/node_modules/react-dom/cjs/react-dom-server.browser.production.min.js:78:98)
    at bd (/home/jusoshd/frontEnd/jusos-front/node_modules/react-dom/cjs/react-dom-server.browser.production.min.js:77:404)
    at Z (/home/jusoshd/frontEnd/jusos-front/node_modules/react-dom/cjs/react-dom-server.browser.production.min.js:76:217)
    at Zc (/home/jusoshd/frontEnd/jusos-front/node_modules/react-dom/cjs/react-dom-server.browser.production.min.js:71:479)
    at Z (/home/jusoshd/frontEnd/jusos-front/node_modules/react-dom/cjs/react-dom-server.browser.production.min.js:76:89)
    at Zc (/home/jusoshd/frontEnd/jusos-front/node_modules/react-dom/cjs/react-dom-server.browser.production.min.js:70:481)
TypeError: Cannot read properties of undefined (reading 'items')
    at Header (/home/jusoshd/frontEnd/jusos-front/.next/server/chunks/628.js:181:43)
    at Wc (/home/jusoshd/frontEnd/jusos-front/node_modules/react-dom/cjs/react-dom-server.browser.production.min.js:68:44)
    at Zc (/home/jusoshd/frontEnd/jusos-front/node_modules/react-dom/cjs/react-dom-server.browser.production.min.js:70:253)
    at Z (/home/jusoshd/frontEnd/jusos-front/node_modules/react-dom/cjs/react-dom-server.browser.production.min.js:76:89)
    at $c (/home/jusoshd/frontEnd/jusos-front/node_modules/react-dom/cjs/react-dom-server.browser.production.min.js:78:98)
    at bd (/home/jusoshd/frontEnd/jusos-front/node_modules/react-dom/cjs/react-dom-server.browser.production.min.js:77:404)
    at Z (/home/jusoshd/frontEnd/jusos-front/node_modules/react-dom/cjs/react-dom-server.browser.production.min.js:76:217)
    at Zc (/home/jusoshd/frontEnd/jusos-front/node_modules/react-dom/cjs/react-dom-server.browser.production.min.js:71:479)
    at Z (/home/jusoshd/frontEnd/jusos-front/node_modules/react-dom/cjs/react-dom-server.browser.production.min.js:76:89)
    at Zc (/home/jusoshd/frontEnd/jusos-front/node_modules/react-dom/cjs/react-dom-server.browser.production.min.js:70:481)
TypeError: Cannot read properties of undefined (reading 'forEach')
    at getStaticProps (/home/jusoshd/frontEnd/jusos-front/.next/server/pages/[...slug].js:506:14)
    at runMicrotasks (<anonymous>)
    at processTicksAndRejections (node:internal/process/task_queues:96:5)
    at async Object.renderToHTML (/home/jusoshd/frontEnd/jusos-front/node_modules/next/dist/server/render.js:451:20)
    at async doRender (/home/jusoshd/frontEnd/jusos-front/node_modules/next/dist/server/base-server.js:917:38)
    at async cacheEntry.responseCache.get.isManualRevalidate.isManualRevalidate (/home/jusoshd/frontEnd/jusos-front/node_modules/next/dist/server/base-server.js:1022:28)
    at async /home/jusoshd/frontEnd/jusos-front/node_modules/next/dist/server/response-cache.js:69:36
TypeError: Cannot read properties of undefined (reading 'forEach')
    at getStaticProps (/home/jusoshd/frontEnd/jusos-front/.next/server/pages/[...slug].js:506:14)
    at runMicrotasks (<anonymous>)
    at processTicksAndRejections (node:internal/process/task_queues:96:5)
    at async Object.renderToHTML (/home/jusoshd/frontEnd/jusos-front/node_modules/next/dist/server/render.js:451:20)
    at async doRender (/home/jusoshd/frontEnd/jusos-front/node_modules/next/dist/server/base-server.js:917:38)
    at async cacheEntry.responseCache.get.isManualRevalidate.isManualRevalidate (/home/jusoshd/frontEnd/jusos-front/node_modules/next/dist/server/base-server.js:1022:28)
    at async /home/jusoshd/frontEnd/jusos-front/node_modules/next/dist/server/response-cache.js:69:36
TypeError: Cannot read properties of undefined (reading 'forEach')
    at getStaticProps (/home/jusoshd/frontEnd/jusos-front/.next/server/pages/[...slug].js:506:14)
    at runMicrotasks (<anonymous>)
    at processTicksAndRejections (node:internal/process/task_queues:96:5)
    at async Object.renderToHTML (/home/jusoshd/frontEnd/jusos-front/node_modules/next/dist/server/render.js:451:20)
    at async doRender (/home/jusoshd/frontEnd/jusos-front/node_modules/next/dist/server/base-server.js:917:38)
    at async cacheEntry.responseCache.get.isManualRevalidate.isManualRevalidate (/home/jusoshd/frontEnd/jusos-front/node_modules/next/dist/server/base-server.js:1022:28)
    at async /home/jusoshd/frontEnd/jusos-front/node_modules/next/dist/server/response-cache.js:69:36
TypeError: Cannot read properties of undefined (reading 'forEach')
    at getStaticProps (/home/jusoshd/frontEnd/jusos-front/.next/server/pages/[...slug].js:506:14)
    at runMicrotasks (<anonymous>)
    at processTicksAndRejections (node:internal/process/task_queues:96:5)
    at async Object.renderToHTML (/home/jusoshd/frontEnd/jusos-front/node_modules/next/dist/server/render.js:451:20)
    at async doRender (/home/jusoshd/frontEnd/jusos-front/node_modules/next/dist/server/base-server.js:917:38)
    at async cacheEntry.responseCache.get.isManualRevalidate.isManualRevalidate (/home/jusoshd/frontEnd/jusos-front/node_modules/next/dist/server/base-server.js:1022:28)
    at async /home/jusoshd/frontEnd/jusos-front/node_modules/next/dist/server/response-cache.js:69:36
TypeError: Cannot read properties of undefined (reading 'forEach')
    at getStaticProps (/home/jusoshd/frontEnd/jusos-front/.next/server/pages/[...slug].js:506:14)
    at runMicrotasks (<anonymous>)
    at processTicksAndRejections (node:internal/process/task_queues:96:5)
    at async Object.renderToHTML (/home/jusoshd/frontEnd/jusos-front/node_modules/next/dist/server/render.js:451:20)
    at async doRender (/home/jusoshd/frontEnd/jusos-front/node_modules/next/dist/server/base-server.js:917:38)
    at async cacheEntry.responseCache.get.isManualRevalidate.isManualRevalidate (/home/jusoshd/frontEnd/jusos-front/node_modules/next/dist/server/base-server.js:1022:28)
    at async /home/jusoshd/frontEnd/jusos-front/node_modules/next/dist/server/response-cache.js:69:36
TypeError: Cannot read properties of undefined (reading 'forEach')
    at getStaticProps (/home/jusoshd/frontEnd/jusos-front/.next/server/pages/[...slug].js:506:14)
    at runMicrotasks (<anonymous>)
    at processTicksAndRejections (node:internal/process/task_queues:96:5)
    at async Object.renderToHTML (/home/jusoshd/frontEnd/jusos-front/node_modules/next/dist/server/render.js:451:20)
    at async doRender (/home/jusoshd/frontEnd/jusos-front/node_modules/next/dist/server/base-server.js:917:38)
    at async cacheEntry.responseCache.get.isManualRevalidate.isManualRevalidate (/home/jusoshd/frontEnd/jusos-front/node_modules/next/dist/server/base-server.js:1022:28)
    at async /home/jusoshd/frontEnd/jusos-front/node_modules/next/dist/server/response-cache.js:69:36
TypeError: Cannot read properties of undefined (reading 'forEach')
    at getStaticProps (/home/jusoshd/frontEnd/jusos-front/.next/server/pages/[...slug].js:506:14)
    at runMicrotasks (<anonymous>)
    at processTicksAndRejections (node:internal/process/task_queues:96:5)
    at async Object.renderToHTML (/home/jusoshd/frontEnd/jusos-front/node_modules/next/dist/server/render.js:451:20)
    at async doRender (/home/jusoshd/frontEnd/jusos-front/node_modules/next/dist/server/base-server.js:917:38)
    at async cacheEntry.responseCache.get.isManualRevalidate.isManualRevalidate (/home/jusoshd/frontEnd/jusos-front/node_modules/next/dist/server/base-server.js:1022:28)
    at async /home/jusoshd/frontEnd/jusos-front/node_modules/next/dist/server/response-cache.js:69:36
TypeError: Cannot read properties of undefined (reading 'forEach')
    at getStaticProps (/home/jusoshd/frontEnd/jusos-front/.next/server/pages/[...slug].js:506:14)
    at runMicrotasks (<anonymous>)
    at processTicksAndRejections (node:internal/process/task_queues:96:5)
    at async Object.renderToHTML (/home/jusoshd/frontEnd/jusos-front/node_modules/next/dist/server/render.js:451:20)
    at async doRender (/home/jusoshd/frontEnd/jusos-front/node_modules/next/dist/server/base-server.js:917:38)
    at async cacheEntry.responseCache.get.isManualRevalidate.isManualRevalidate (/home/jusoshd/frontEnd/jusos-front/node_modules/next/dist/server/base-server.js:1022:28)
    at async /home/jusoshd/frontEnd/jusos-front/node_modules/next/dist/server/response-cache.js:69:36
TypeError: Cannot read properties of undefined (reading 'items')
    at Header (/home/jusoshd/frontEnd/jusos-front/.next/server/chunks/628.js:181:43)
    at Wc (/home/jusoshd/frontEnd/jusos-front/node_modules/react-dom/cjs/react-dom-server.browser.production.min.js:68:44)
    at Zc (/home/jusoshd/frontEnd/jusos-front/node_modules/react-dom/cjs/react-dom-server.browser.production.min.js:70:253)
    at Z (/home/jusoshd/frontEnd/jusos-front/node_modules/react-dom/cjs/react-dom-server.browser.production.min.js:76:89)
    at $c (/home/jusoshd/frontEnd/jusos-front/node_modules/react-dom/cjs/react-dom-server.browser.production.min.js:78:98)
    at bd (/home/jusoshd/frontEnd/jusos-front/node_modules/react-dom/cjs/react-dom-server.browser.production.min.js:77:404)
    at Z (/home/jusoshd/frontEnd/jusos-front/node_modules/react-dom/cjs/react-dom-server.browser.production.min.js:76:217)
    at Zc (/home/jusoshd/frontEnd/jusos-front/node_modules/react-dom/cjs/react-dom-server.browser.production.min.js:71:479)
    at Z (/home/jusoshd/frontEnd/jusos-front/node_modules/react-dom/cjs/react-dom-server.browser.production.min.js:76:89)
    at Zc (/home/jusoshd/frontEnd/jusos-front/node_modules/react-dom/cjs/react-dom-server.browser.production.min.js:70:481)
TypeError: Cannot read properties of undefined (reading 'items')
    at Header (/home/jusoshd/frontEnd/jusos-front/.next/server/chunks/628.js:181:43)
    at Wc (/home/jusoshd/frontEnd/jusos-front/node_modules/react-dom/cjs/react-dom-server.browser.production.min.js:68:44)
    at Zc (/home/jusoshd/frontEnd/jusos-front/node_modules/react-dom/cjs/react-dom-server.browser.production.min.js:70:253)
    at Z (/home/jusoshd/frontEnd/jusos-front/node_modules/react-dom/cjs/react-dom-server.browser.production.min.js:76:89)
    at $c (/home/jusoshd/frontEnd/jusos-front/node_modules/react-dom/cjs/react-dom-server.browser.production.min.js:78:98)
    at bd (/home/jusoshd/frontEnd/jusos-front/node_modules/react-dom/cjs/react-dom-server.browser.production.min.js:77:404)
    at Z (/home/jusoshd/frontEnd/jusos-front/node_modules/react-dom/cjs/react-dom-server.browser.production.min.js:76:217)
    at Zc (/home/jusoshd/frontEnd/jusos-front/node_modules/react-dom/cjs/react-dom-server.browser.production.min.js:71:479)
    at Z (/home/jusoshd/frontEnd/jusos-front/node_modules/react-dom/cjs/react-dom-server.browser.production.min.js:76:89)
    at Zc (/home/jusoshd/frontEnd/jusos-front/node_modules/react-dom/cjs/react-dom-server.browser.production.min.js:70:481)
TypeError: Cannot read properties of undefined (reading 'items')
    at Header (/home/jusoshd/frontEnd/jusos-front/.next/server/chunks/628.js:181:43)
    at Wc (/home/jusoshd/frontEnd/jusos-front/node_modules/react-dom/cjs/react-dom-server.browser.production.min.js:68:44)
    at Zc (/home/jusoshd/frontEnd/jusos-front/node_modules/react-dom/cjs/react-dom-server.browser.production.min.js:70:253)
    at Z (/home/jusoshd/frontEnd/jusos-front/node_modules/react-dom/cjs/react-dom-server.browser.production.min.js:76:89)
    at $c (/home/jusoshd/frontEnd/jusos-front/node_modules/react-dom/cjs/react-dom-server.browser.production.min.js:78:98)
    at bd (/home/jusoshd/frontEnd/jusos-front/node_modules/react-dom/cjs/react-dom-server.browser.production.min.js:77:404)
    at Z (/home/jusoshd/frontEnd/jusos-front/node_modules/react-dom/cjs/react-dom-server.browser.production.min.js:76:217)
    at Zc (/home/jusoshd/frontEnd/jusos-front/node_modules/react-dom/cjs/react-dom-server.browser.production.min.js:71:479)
    at Z (/home/jusoshd/frontEnd/jusos-front/node_modules/react-dom/cjs/react-dom-server.browser.production.min.js:76:89)
    at Zc (/home/jusoshd/frontEnd/jusos-front/node_modules/react-dom/cjs/react-dom-server.browser.production.min.js:70:481)
TypeError: Cannot read properties of undefined (reading 'items')
    at Header (/home/jusoshd/frontEnd/jusos-front/.next/server/chunks/628.js:181:43)
    at Wc (/home/jusoshd/frontEnd/jusos-front/node_modules/react-dom/cjs/react-dom-server.browser.production.min.js:68:44)
    at Zc (/home/jusoshd/frontEnd/jusos-front/node_modules/react-dom/cjs/react-dom-server.browser.production.min.js:70:253)
    at Z (/home/jusoshd/frontEnd/jusos-front/node_modules/react-dom/cjs/react-dom-server.browser.production.min.js:76:89)
    at $c (/home/jusoshd/frontEnd/jusos-front/node_modules/react-dom/cjs/react-dom-server.browser.production.min.js:78:98)
    at bd (/home/jusoshd/frontEnd/jusos-front/node_modules/react-dom/cjs/react-dom-server.browser.production.min.js:77:404)
    at Z (/home/jusoshd/frontEnd/jusos-front/node_modules/react-dom/cjs/react-dom-server.browser.production.min.js:76:217)
    at Zc (/home/jusoshd/frontEnd/jusos-front/node_modules/react-dom/cjs/react-dom-server.browser.production.min.js:71:479)
    at Z (/home/jusoshd/frontEnd/jusos-front/node_modules/react-dom/cjs/react-dom-server.browser.production.min.js:76:89)
    at Zc (/home/jusoshd/frontEnd/jusos-front/node_modules/react-dom/cjs/react-dom-server.browser.production.min.js:70:481)
TypeError: Cannot read properties of undefined (reading 'items')
    at Header (/home/jusoshd/frontEnd/jusos-front/.next/server/chunks/628.js:181:43)
    at Wc (/home/jusoshd/frontEnd/jusos-front/node_modules/react-dom/cjs/react-dom-server.browser.production.min.js:68:44)
    at Zc (/home/jusoshd/frontEnd/jusos-front/node_modules/react-dom/cjs/react-dom-server.browser.production.min.js:70:253)
    at Z (/home/jusoshd/frontEnd/jusos-front/node_modules/react-dom/cjs/react-dom-server.browser.production.min.js:76:89)
    at $c (/home/jusoshd/frontEnd/jusos-front/node_modules/react-dom/cjs/react-dom-server.browser.production.min.js:78:98)
    at bd (/home/jusoshd/frontEnd/jusos-front/node_modules/react-dom/cjs/react-dom-server.browser.production.min.js:77:404)
    at Z (/home/jusoshd/frontEnd/jusos-front/node_modules/react-dom/cjs/react-dom-server.browser.production.min.js:76:217)
    at Zc (/home/jusoshd/frontEnd/jusos-front/node_modules/react-dom/cjs/react-dom-server.browser.production.min.js:71:479)
    at Z (/home/jusoshd/frontEnd/jusos-front/node_modules/react-dom/cjs/react-dom-server.browser.production.min.js:76:89)
    at Zc (/home/jusoshd/frontEnd/jusos-front/node_modules/react-dom/cjs/react-dom-server.browser.production.min.js:70:481)
TypeError: Cannot read properties of undefined (reading 'items')
    at Header (/home/jusoshd/frontEnd/jusos-front/.next/server/chunks/628.js:181:43)
    at Wc (/home/jusoshd/frontEnd/jusos-front/node_modules/react-dom/cjs/react-dom-server.browser.production.min.js:68:44)
    at Zc (/home/jusoshd/frontEnd/jusos-front/node_modules/react-dom/cjs/react-dom-server.browser.production.min.js:70:253)
    at Z (/home/jusoshd/frontEnd/jusos-front/node_modules/react-dom/cjs/react-dom-server.browser.production.min.js:76:89)
    at $c (/home/jusoshd/frontEnd/jusos-front/node_modules/react-dom/cjs/react-dom-server.browser.production.min.js:78:98)
    at bd (/home/jusoshd/frontEnd/jusos-front/node_modules/react-dom/cjs/react-dom-server.browser.production.min.js:77:404)
    at Z (/home/jusoshd/frontEnd/jusos-front/node_modules/react-dom/cjs/react-dom-server.browser.production.min.js:76:217)
    at Zc (/home/jusoshd/frontEnd/jusos-front/node_modules/react-dom/cjs/react-dom-server.browser.production.min.js:71:479)
    at Z (/home/jusoshd/frontEnd/jusos-front/node_modules/react-dom/cjs/react-dom-server.browser.production.min.js:76:89)
    at Zc (/home/jusoshd/frontEnd/jusos-front/node_modules/react-dom/cjs/react-dom-server.browser.production.min.js:70:481)
error Command failed with signal "SIGKILL".
info Visit https://yarnpkg.com/en/docs/cli/run for documentation about this command.
yarn run v1.22.19
warning ../../package.json: No license field
$ next dev
ready - started server on 0.0.0.0:3000, url: http://localhost:3000
event - compiled client and server successfully in 1575 ms (188 modules)
wait  - compiling / (client and server)...
event - compiled client and server successfully in 1552 ms (300 modules)
wait  - compiling /_error (client and server)...
event - compiled client and server successfully in 527 ms (301 modules)
Warning: viewport meta tags should not be used in _document.js's <Head>. https://nextjs.org/docs/messages/no-document-viewport-meta
error - FetchError: invalid json response body at https://jusos-content.herokuapp.com/api/home-page?populate=* reason: Unexpected token < in JSON at position 0
    at /home/jusoshd/frontEnd/jusos-front/node_modules/next/dist/compiled/node-fetch/index.js:1:51227
    at processTicksAndRejections (node:internal/process/task_queues:96:5)
    at async getStaticProps (webpack-internal:///./pages/index.js:27:18)
    at async Object.renderToHTML (/home/jusoshd/frontEnd/jusos-front/node_modules/next/dist/server/render.js:451:20)
    at async doRender (/home/jusoshd/frontEnd/jusos-front/node_modules/next/dist/server/base-server.js:917:38)
    at async cacheEntry.responseCache.get.isManualRevalidate.isManualRevalidate (/home/jusoshd/frontEnd/jusos-front/node_modules/next/dist/server/base-server.js:1022:28)
    at async /home/jusoshd/frontEnd/jusos-front/node_modules/next/dist/server/response-cache.js:69:36 {
  type: 'invalid-json',
  page: '/'
}
Warning: viewport meta tags should not be used in _document.js's <Head>. https://nextjs.org/docs/messages/no-document-viewport-meta
wait  - compiling /[...slug] (client and server)...
event - compiled client and server successfully in 269 ms (329 modules)
Warning: viewport meta tags should not be used in _document.js's <Head>. https://nextjs.org/docs/messages/no-document-viewport-meta
error - FetchError: invalid json response body at https://jusos-content.herokuapp.com/api/menus/menu?nested reason: Unexpected token < in JSON at position 0
    at /home/jusoshd/frontEnd/jusos-front/node_modules/next/dist/compiled/node-fetch/index.js:1:51227
    at processTicksAndRejections (node:internal/process/task_queues:96:5)
    at async getStaticPaths (webpack-internal:///./pages/[...slug].js:100:26)
    at async Object.buildStaticPaths (/home/jusoshd/frontEnd/jusos-front/node_modules/next/dist/build/utils.js:493:31) {
  type: 'invalid-json',
  page: '/[...slug]'
}
Warning: viewport meta tags should not be used in _document.js's <Head>. https://nextjs.org/docs/messages/no-document-viewport-meta
Warning: viewport meta tags should not be used in _document.js's <Head>. https://nextjs.org/docs/messages/no-document-viewport-meta
error - FetchError: invalid json response body at https://jusos-content.herokuapp.com/api/home-page?populate=* reason: Unexpected token < in JSON at position 0
    at /home/jusoshd/frontEnd/jusos-front/node_modules/next/dist/compiled/node-fetch/index.js:1:51227
    at processTicksAndRejections (node:internal/process/task_queues:96:5)
    at async getStaticProps (webpack-internal:///./pages/index.js:27:18)
    at async Object.renderToHTML (/home/jusoshd/frontEnd/jusos-front/node_modules/next/dist/server/render.js:451:20)
    at async doRender (/home/jusoshd/frontEnd/jusos-front/node_modules/next/dist/server/base-server.js:917:38)
    at async cacheEntry.responseCache.get.isManualRevalidate.isManualRevalidate (/home/jusoshd/frontEnd/jusos-front/node_modules/next/dist/server/base-server.js:1022:28)
    at async /home/jusoshd/frontEnd/jusos-front/node_modules/next/dist/server/response-cache.js:69:36 {
  type: 'invalid-json',
  page: '/'
}
Warning: viewport meta tags should not be used in _document.js's <Head>. https://nextjs.org/docs/messages/no-document-viewport-meta
Warning: viewport meta tags should not be used in _document.js's <Head>. https://nextjs.org/docs/messages/no-document-viewport-meta
error - FetchError: invalid json response body at https://jusos-content.herokuapp.com/api/menus/menu?nested reason: Unexpected token < in JSON at position 0
    at /home/jusoshd/frontEnd/jusos-front/node_modules/next/dist/compiled/node-fetch/index.js:1:51227
    at processTicksAndRejections (node:internal/process/task_queues:96:5)
    at async getStaticPaths (webpack-internal:///./pages/[...slug].js:100:26)
    at async Object.buildStaticPaths (/home/jusoshd/frontEnd/jusos-front/node_modules/next/dist/build/utils.js:493:31) {
  type: 'invalid-json',
  page: '/[...slug]'
}
Warning: viewport meta tags should not be used in _document.js's <Head>. https://nextjs.org/docs/messages/no-document-viewport-meta
yarn run v1.22.19
warning ../../package.json: No license field
$ next dev
ready - started server on 0.0.0.0:3000, url: http://localhost:3000
event - compiled client and server successfully in 895 ms (188 modules)
wait  - compiling / (client and server)...
event - compiled client and server successfully in 724 ms (300 modules)
wait  - compiling /_error (client and server)...
event - compiled client and server successfully in 199 ms (301 modules)
Warning: viewport meta tags should not be used in _document.js's <Head>. https://nextjs.org/docs/messages/no-document-viewport-meta
error - FetchError: invalid json response body at https://jusos-content.herokuapp.com/api/home-page?populate=* reason: Unexpected token < in JSON at position 0
    at /home/jusoshd/frontEnd/jusos-front/node_modules/next/dist/compiled/node-fetch/index.js:1:51227
    at processTicksAndRejections (node:internal/process/task_queues:96:5)
    at async getStaticProps (webpack-internal:///./pages/index.js:27:18)
    at async Object.renderToHTML (/home/jusoshd/frontEnd/jusos-front/node_modules/next/dist/server/render.js:451:20)
    at async doRender (/home/jusoshd/frontEnd/jusos-front/node_modules/next/dist/server/base-server.js:917:38)
    at async cacheEntry.responseCache.get.isManualRevalidate.isManualRevalidate (/home/jusoshd/frontEnd/jusos-front/node_modules/next/dist/server/base-server.js:1022:28)
    at async /home/jusoshd/frontEnd/jusos-front/node_modules/next/dist/server/response-cache.js:69:36 {
  type: 'invalid-json',
  page: '/'
}
Warning: viewport meta tags should not be used in _document.js's <Head>. https://nextjs.org/docs/messages/no-document-viewport-meta
wait  - compiling /[...slug] (client and server)...
event - compiled client and server successfully in 284 ms (329 modules)
Warning: viewport meta tags should not be used in _document.js's <Head>. https://nextjs.org/docs/messages/no-document-viewport-meta
error - FetchError: invalid json response body at https://jusos-content.herokuapp.com/api/menus/menu?nested reason: Unexpected token < in JSON at position 0
    at /home/jusoshd/frontEnd/jusos-front/node_modules/next/dist/compiled/node-fetch/index.js:1:51227
    at processTicksAndRejections (node:internal/process/task_queues:96:5)
    at async getStaticPaths (webpack-internal:///./pages/[...slug].js:100:26)
    at async Object.buildStaticPaths (/home/jusoshd/frontEnd/jusos-front/node_modules/next/dist/build/utils.js:493:31) {
  type: 'invalid-json',
  page: '/[...slug]'
}
Warning: viewport meta tags should not be used in _document.js's <Head>. https://nextjs.org/docs/messages/no-document-viewport-meta
yarn run v1.22.19
warning ../../package.json: No license field
$ next start
ready - started server on 0.0.0.0:3000, url: http://localhost:3000
API key does not start with "SG.".
ResponseError: Unauthorized
    at node_modules/@sendgrid/client/src/classes/client.js:146:29
    at processTicksAndRejections (node:internal/process/task_queues:96:5) {
  code: 401,
  response: {
    headers: {
      server: 'nginx',
      date: 'Wed, 24 Aug 2022 12:49:11 GMT',
      'content-type': 'application/json',
      'content-length': '116',
      connection: 'close',
      'access-control-allow-origin': 'https://sendgrid.api-docs.io',
      'access-control-allow-methods': 'POST',
      'access-control-allow-headers': 'Authorization, Content-Type, On-behalf-of, x-sg-elas-acl',
      'access-control-max-age': '600',
      'x-no-cors-reason': 'https://sendgrid.com/docs/Classroom/Basics/API/cors.html',
      'strict-transport-security': 'max-age=600; includeSubDomains'
    },
    body: { errors: [Array] }
  }
}
ResponseError: Unauthorized
    at node_modules/@sendgrid/client/src/classes/client.js:146:29
    at processTicksAndRejections (node:internal/process/task_queues:96:5) {
  code: 401,
  response: {
    headers: {
      server: 'nginx',
      date: 'Wed, 24 Aug 2022 12:49:39 GMT',
      'content-type': 'application/json',
      'content-length': '116',
      connection: 'close',
      'access-control-allow-origin': 'https://sendgrid.api-docs.io',
      'access-control-allow-methods': 'POST',
      'access-control-allow-headers': 'Authorization, Content-Type, On-behalf-of, x-sg-elas-acl',
      'access-control-max-age': '600',
      'x-no-cors-reason': 'https://sendgrid.com/docs/Classroom/Basics/API/cors.html',
      'strict-transport-security': 'max-age=600; includeSubDomains'
    },
    body: { errors: [Array] }
  }
}
yarn run v1.22.19
warning ../../package.json: No license field
$ next dev
ready - started server on 0.0.0.0:3000, url: http://localhost:3000
event - compiled client and server successfully in 2.9s (188 modules)
wait  - compiling / (client and server)...
event - compiled client and server successfully in 2.7s (300 modules)
Warning: Each child in a list should have a unique "key" prop.

Check the top-level render call using <div>. See https://reactjs.org/link/warning-keys for more information.
    at Header (webpack-internal:///./components/Header.js:17:19)
    at Layout (webpack-internal:///./components/Layout.js:14:19)
    at div
    at Home (webpack-internal:///./pages/index.js:59:17)
    at MyApp (webpack-internal:///./pages/_app.js:32:18)
    at StyleRegistry (/home/jusoshd/frontEnd/jusos-front/node_modules/styled-jsx/dist/index/index.js:671:34)
    at AppContainer (/home/jusoshd/frontEnd/jusos-front/node_modules/next/dist/server/render.js:404:29)
    at AppContainerWithIsomorphicFiberStructure (/home/jusoshd/frontEnd/jusos-front/node_modules/next/dist/server/render.js:433:57)
    at div
    at Body (/home/jusoshd/frontEnd/jusos-front/node_modules/next/dist/server/render.js:690:21)
Warning: viewport meta tags should not be used in _document.js's <Head>. https://nextjs.org/docs/messages/no-document-viewport-meta
wait  - compiling /[...slug] (client and server)...
event - compiled client and server successfully in 565 ms (331 modules)
wait  - compiling /_error (client and server)...
event - compiled client and server successfully in 357 ms (332 modules)
Warning: viewport meta tags should not be used in _document.js's <Head>. https://nextjs.org/docs/messages/no-document-viewport-meta
Warning: viewport meta tags should not be used in _document.js's <Head>. https://nextjs.org/docs/messages/no-document-viewport-meta
Warning: viewport meta tags should not be used in _document.js's <Head>. https://nextjs.org/docs/messages/no-document-viewport-meta
Warning: viewport meta tags should not be used in _document.js's <Head>. https://nextjs.org/docs/messages/no-document-viewport-meta
Warning: viewport meta tags should not be used in _document.js's <Head>. https://nextjs.org/docs/messages/no-document-viewport-meta
Warning: viewport meta tags should not be used in _document.js's <Head>. https://nextjs.org/docs/messages/no-document-viewport-meta
Warning: viewport meta tags should not be used in _document.js's <Head>. https://nextjs.org/docs/messages/no-document-viewport-meta
Warning: viewport meta tags should not be used in _document.js's <Head>. https://nextjs.org/docs/messages/no-document-viewport-meta
Warning: viewport meta tags should not be used in _document.js's <Head>. https://nextjs.org/docs/messages/no-document-viewport-meta
Warning: viewport meta tags should not be used in _document.js's <Head>. https://nextjs.org/docs/messages/no-document-viewport-meta
Warning: viewport meta tags should not be used in _document.js's <Head>. https://nextjs.org/docs/messages/no-document-viewport-meta
Warning: viewport meta tags should not be used in _document.js's <Head>. https://nextjs.org/docs/messages/no-document-viewport-meta
Warning: viewport meta tags should not be used in _document.js's <Head>. https://nextjs.org/docs/messages/no-document-viewport-meta
Warning: viewport meta tags should not be used in _document.js's <Head>. https://nextjs.org/docs/messages/no-document-viewport-meta
Warning: viewport meta tags should not be used in _document.js's <Head>. https://nextjs.org/docs/messages/no-document-viewport-meta
Warning: viewport meta tags should not be used in _document.js's <Head>. https://nextjs.org/docs/messages/no-document-viewport-meta
Warning: viewport meta tags should not be used in _document.js's <Head>. https://nextjs.org/docs/messages/no-document-viewport-meta
Warning: viewport meta tags should not be used in _document.js's <Head>. https://nextjs.org/docs/messages/no-document-viewport-meta
yarn run v1.22.19
warning ../../package.json: No license field
$ next start
ready - started server on 0.0.0.0:3000, url: http://localhost:3000
